./.env.example
./storage/framework/sessions/dIwS8DTEzdgImjJXb805n4mqPaEJpSIGmiVg3wcB
./storage/logs/laravel.log
./vendor/swiftmailer/swiftmailer/doc/sending.rst
./vendor/swiftmailer/swiftmailer/tests/smoke.conf.php.default
./vendor/swiftmailer/swiftmailer/tests/acceptance.conf.php.default
./vendor/swiftmailer/swiftmailer/lib/classes/Swift/Transport/EsmtpTransport.php
./vendor/swiftmailer/swiftmailer/lib/classes/Swift/SmtpTransport.php
./vendor/laravel/framework/src/Illuminate/Database/README.md
./vendor/laravel/framework/src/Illuminate/Queue/README.md
./vendor/laravel/framework/src/Illuminate/Foundation/Bootstrap/SetRequestForConsole.php
./vendor/laravel/framework/src/Illuminate/Foundation/Console/ServeCommand.php
./vendor/phpunit/phpunit/CONTRIBUTING.md
./vendor/symfony/yaml/Tests/Fixtures/YtsBasicTests.yml
./vendor/symfony/dom-crawler/Tests/ImageTest.php
./vendor/symfony/dom-crawler/Tests/CrawlerTest.php
./vendor/symfony/dom-crawler/Tests/FormTest.php
./vendor/symfony/dom-crawler/Tests/LinkTest.php
./vendor/symfony/http-kernel/Fragment/InlineFragmentRenderer.php
./vendor/symfony/http-kernel/Tests/Fragment/FragmentHandlerTest.php
./vendor/symfony/http-kernel/Tests/Fragment/RoutableFragmentRendererTest.php
./vendor/symfony/http-kernel/Tests/DataCollector/RequestDataCollectorTest.php
./vendor/symfony/http-kernel/Tests/EventListener/RouterListenerTest.php
./vendor/symfony/http-kernel/Tests/HttpCache/HttpCacheTest.php
./vendor/symfony/routing/Tests/Generator/UrlGeneratorTest.php
./vendor/symfony/routing/Tests/Generator/Dumper/PhpGeneratorDumperTest.php
./vendor/symfony/routing/RequestContext.php
./vendor/symfony/css-selector/Tests/XPath/Fixtures/ids.html
./vendor/symfony/css-selector/Tests/XPath/TranslatorTest.php
./vendor/symfony/http-foundation/Request.php
./vendor/monolog/monolog/src/Monolog/Handler/MongoDBHandler.php
./vendor/monolog/monolog/src/Monolog/Handler/CouchDBHandler.php
./vendor/monolog/monolog/src/Monolog/Handler/RedisHandler.php
./vendor/monolog/monolog/tests/Monolog/Handler/HipChatHandlerTest.php
./vendor/monolog/monolog/tests/Monolog/Handler/PushoverHandlerTest.php
./vendor/monolog/monolog/tests/Monolog/Handler/SocketHandlerTest.php
./vendor/monolog/monolog/tests/Monolog/Handler/SlackHandlerTest.php
./vendor/monolog/monolog/tests/Monolog/Handler/LogEntriesHandlerTest.php
./vendor/monolog/monolog/tests/Monolog/Handler/FlowdockHandlerTest.php
./vendor/monolog/monolog/tests/Monolog/Handler/GelfHandlerLegacyTest.php
./vendor/monolog/monolog/tests/Monolog/Handler/CouchDBHandlerTest.php
./vendor/monolog/monolog/tests/Monolog/Handler/ElasticSearchHandlerTest.php
./tests/TestCase.php
./node_modules/bootstrap/README.md
./node_modules/xmlhttprequest-ssl/tests/test-request-methods.js
./node_modules/xmlhttprequest-ssl/tests/test-headers.js
./node_modules/xmlhttprequest-ssl/tests/test-redirect-302.js
./node_modules/xmlhttprequest-ssl/tests/test-redirect-307.js
./node_modules/xmlhttprequest-ssl/tests/test-events.js
./node_modules/xmlhttprequest-ssl/tests/test-redirect-303.js
./node_modules/xmlhttprequest-ssl/tests/test-exceptions.js
./node_modules/xmlhttprequest-ssl/lib/XMLHttpRequest.js
./node_modules/bl/node_modules/readable-stream/doc/stream.markdown
./node_modules/sntp/test/index.js
./node_modules/gulp-util/node_modules/minimist/test/short.js
./node_modules/gulp-util/node_modules/minimist/test/long.js
./node_modules/browser-sync/lib/connect-utils.js
./node_modules/browser-sync/lib/default-config.js
./node_modules/browser-sync/lib/cli/help.txt
./node_modules/browser-sync/lib/cli/command.reload.js
./node_modules/browser-sync/lib/utils.js
./node_modules/browser-sync/lib/http-protocol.js
./node_modules/browser-sync/lib/public/socket.io.min.1.5.0.js
./node_modules/uglify-js/README.md
./node_modules/parseurl/README.md
./node_modules/express/node_modules/connect/lib/middleware/bodyParser.js
./node_modules/through2/node_modules/readable-stream/doc/stream.markdown
./node_modules/accepts/README.md
./node_modules/node-gyp/test/docker.sh
./node_modules/stream-array/node_modules/readable-stream/doc/stream.md
./node_modules/engine.io-client/engine.io.js
./node_modules/engine.io-client/README.md
./node_modules/engine.io-client/lib/socket.js
./node_modules/hoek/README.md
./node_modules/vuex/README.md
./node_modules/setimmediate/package.json
./node_modules/less/test/browser/runner-rootpath-options.js
./node_modules/less/test/browser/less/relative-urls/urls.less
./node_modules/less/test/browser/less/rootpath/urls.less
./node_modules/less/test/browser/less/urls.less
./node_modules/less/test/browser/less/rootpath-relative/urls.less
./node_modules/less/test/browser/css/relative-urls/urls.css
./node_modules/less/test/browser/css/rootpath/urls.css
./node_modules/less/test/browser/css/urls.css
./node_modules/less/test/browser/common.js
./node_modules/less/test/browser/less.js
./node_modules/less/dist/less.min.js
./node_modules/less/dist/less.js
./node_modules/less/lib/less-browser/add-default-options.js
./node_modules/less/Gruntfile.js
./node_modules/encodeurl/README.md
./node_modules/localtunnel/package.json
./node_modules/localtunnel/test/index.js
./node_modules/localtunnel/node_modules/readable-stream/doc/stream.markdown
./node_modules/localtunnel/node_modules/http-signature/README.md
./node_modules/localtunnel/bin/client
./node_modules/localtunnel/README.md
./node_modules/localtunnel/lib/TunnelCluster.js
./node_modules/localtunnel/lib/HeaderHostTransformer.js
./node_modules/q/README.md
./node_modules/is-my-json-valid/test/json-schema-draft4/refRemote.json
./node_modules/url/test.js
./node_modules/engine.io/README.md
./node_modules/growly/README.md
./node_modules/growly/lib/gntp.js
./node_modules/node-notifier/node_modules/minimist/test/short.js
./node_modules/node-notifier/node_modules/minimist/test/long.js
./node_modules/node-notifier/README.md
./node_modules/node-notifier/lib/checkGrowl.js
./node_modules/stream-throttle/bin/throttleproxy.js
./node_modules/socket.io-client/socket.io.js
./node_modules/socket.io-client/README.md
./node_modules/socket.io-client/lib/url.js
./node_modules/socket.io-client/lib/index.js
./node_modules/weinre/lib-src/cli.coffee
./node_modules/weinre/lib-src/weinre.coffee
./node_modules/weinre/web/doc/Security.html
./node_modules/weinre/web/doc/Running.html
./node_modules/weinre/web/doc/UserInterface.html
./node_modules/weinre/lib/cli.js
./node_modules/weinre/lib/weinre.js
./node_modules/buble/node_modules/minimist/test/short.js
./node_modules/buble/node_modules/minimist/test/long.js
./node_modules/stream-http/test/node/http-browserify.js
./node_modules/stream-http/README.md
./node_modules/element-ui/lib/index.js
./node_modules/minimist/test/short.js
./node_modules/minimist/test/long.js
./node_modules/gulp/node_modules/minimist/test/short.js
./node_modules/gulp/node_modules/minimist/test/long.js
./node_modules/http-signature/README.md
./node_modules/webpack-stream/node_modules/ripemd160/.min-wd
./node_modules/webpack-stream/node_modules/url/test.js
./node_modules/http-proxy/package.json
./node_modules/http-proxy/README.md
./node_modules/optimist/test/parse.js
./node_modules/async-validator/lib/rule/type.js
./node_modules/meow/node_modules/minimist/test/short.js
./node_modules/meow/node_modules/minimist/test/long.js
./node_modules/vue-router/README.md
./node_modules/http-browserify/test/request_url.js
./node_modules/browser-sync-ui/lib/async.js
./node_modules/browser-sync-ui/lib/plugins/network-throttle/throttle-server.js
./node_modules/parseuri/test.js
./node_modules/prepend-http/package.json
./node_modules/prepend-http/readme.md
./node_modules/prepend-http/index.js
./node_modules/config-chain/test/chain-class.js
./node_modules/config-chain/readme.markdown
./.env
./config/app.php
./config/queue.php
./config/database.php
./.env.example
./storage/framework/sessions/dIwS8DTEzdgImjJXb805n4mqPaEJpSIGmiVg3wcB
./storage/logs/laravel.log
./storage/framework/sessions/dIwS8DTEzdgImjJXb805n4mqPaEJpSIGmiVg3wcB
./storage/framework/sessions/dIwS8DTEzdgImjJXb805n4mqPaEJpSIGmiVg3wcB
./storage/framework/sessions/dIwS8DTEzdgImjJXb805n4mqPaEJpSIGmiVg3wcB
./storage/logs/laravel.log
./storage/logs/laravel.log
./vendor/swiftmailer/swiftmailer/doc/sending.rst
./vendor/swiftmailer/swiftmailer/tests/smoke.conf.php.default
./vendor/swiftmailer/swiftmailer/tests/acceptance.conf.php.default
./vendor/swiftmailer/swiftmailer/lib/classes/Swift/Transport/EsmtpTransport.php
./vendor/swiftmailer/swiftmailer/lib/classes/Swift/SmtpTransport.php
./vendor/laravel/framework/src/Illuminate/Database/README.md
./vendor/laravel/framework/src/Illuminate/Queue/README.md
./vendor/laravel/framework/src/Illuminate/Foundation/Bootstrap/SetRequestForConsole.php
./vendor/laravel/framework/src/Illuminate/Foundation/Console/ServeCommand.php
./vendor/phpunit/phpunit/CONTRIBUTING.md
./vendor/symfony/yaml/Tests/Fixtures/YtsBasicTests.yml
./vendor/symfony/dom-crawler/Tests/ImageTest.php
./vendor/symfony/dom-crawler/Tests/CrawlerTest.php
./vendor/symfony/dom-crawler/Tests/FormTest.php
./vendor/symfony/dom-crawler/Tests/LinkTest.php
./vendor/symfony/http-kernel/Fragment/InlineFragmentRenderer.php
./vendor/symfony/http-kernel/Tests/Fragment/FragmentHandlerTest.php
./vendor/symfony/http-kernel/Tests/Fragment/RoutableFragmentRendererTest.php
./vendor/symfony/http-kernel/Tests/DataCollector/RequestDataCollectorTest.php
./vendor/symfony/http-kernel/Tests/EventListener/RouterListenerTest.php
./vendor/symfony/http-kernel/Tests/HttpCache/HttpCacheTest.php
./vendor/symfony/routing/Tests/Generator/UrlGeneratorTest.php
./vendor/symfony/routing/Tests/Generator/Dumper/PhpGeneratorDumperTest.php
./vendor/symfony/routing/RequestContext.php
./vendor/symfony/css-selector/Tests/XPath/Fixtures/ids.html
./vendor/symfony/css-selector/Tests/XPath/TranslatorTest.php
./vendor/symfony/http-foundation/Request.php
./vendor/monolog/monolog/src/Monolog/Handler/MongoDBHandler.php
./vendor/monolog/monolog/src/Monolog/Handler/CouchDBHandler.php
./vendor/monolog/monolog/src/Monolog/Handler/RedisHandler.php
./vendor/monolog/monolog/tests/Monolog/Handler/HipChatHandlerTest.php
./vendor/monolog/monolog/tests/Monolog/Handler/PushoverHandlerTest.php
./vendor/monolog/monolog/tests/Monolog/Handler/SocketHandlerTest.php
./vendor/monolog/monolog/tests/Monolog/Handler/SlackHandlerTest.php
./vendor/monolog/monolog/tests/Monolog/Handler/LogEntriesHandlerTest.php
./vendor/monolog/monolog/tests/Monolog/Handler/FlowdockHandlerTest.php
./vendor/monolog/monolog/tests/Monolog/Handler/GelfHandlerLegacyTest.php
./vendor/monolog/monolog/tests/Monolog/Handler/CouchDBHandlerTest.php
./vendor/monolog/monolog/tests/Monolog/Handler/ElasticSearchHandlerTest.php
./vendor/swiftmailer/swiftmailer/doc/sending.rst
./vendor/swiftmailer/swiftmailer/tests/smoke.conf.php.default
./vendor/swiftmailer/swiftmailer/tests/acceptance.conf.php.default
./vendor/swiftmailer/swiftmailer/lib/classes/Swift/Transport/EsmtpTransport.php
./vendor/swiftmailer/swiftmailer/lib/classes/Swift/SmtpTransport.php
./vendor/swiftmailer/swiftmailer/doc/sending.rst
./vendor/swiftmailer/swiftmailer/tests/smoke.conf.php.default
./vendor/swiftmailer/swiftmailer/tests/acceptance.conf.php.default
./vendor/swiftmailer/swiftmailer/lib/classes/Swift/Transport/EsmtpTransport.php
./vendor/swiftmailer/swiftmailer/lib/classes/Swift/SmtpTransport.php
./vendor/swiftmailer/swiftmailer/doc/sending.rst
./vendor/swiftmailer/swiftmailer/doc/sending.rst
./vendor/swiftmailer/swiftmailer/tests/smoke.conf.php.default
./vendor/swiftmailer/swiftmailer/tests/acceptance.conf.php.default
./vendor/swiftmailer/swiftmailer/tests/smoke.conf.php.default
./vendor/swiftmailer/swiftmailer/tests/acceptance.conf.php.default
./vendor/swiftmailer/swiftmailer/lib/classes/Swift/Transport/EsmtpTransport.php
./vendor/swiftmailer/swiftmailer/lib/classes/Swift/SmtpTransport.php
./vendor/swiftmailer/swiftmailer/lib/classes/Swift/Transport/EsmtpTransport.php
./vendor/swiftmailer/swiftmailer/lib/classes/Swift/SmtpTransport.php
./vendor/swiftmailer/swiftmailer/lib/classes/Swift/Transport/EsmtpTransport.php
./vendor/swiftmailer/swiftmailer/lib/classes/Swift/SmtpTransport.php
./vendor/swiftmailer/swiftmailer/lib/classes/Swift/Transport/EsmtpTransport.php
./vendor/swiftmailer/swiftmailer/lib/classes/Swift/Transport/EsmtpTransport.php
./vendor/swiftmailer/swiftmailer/lib/classes/Swift/SmtpTransport.php
./vendor/laravel/framework/src/Illuminate/Database/README.md
./vendor/laravel/framework/src/Illuminate/Queue/README.md
./vendor/laravel/framework/src/Illuminate/Foundation/Bootstrap/SetRequestForConsole.php
./vendor/laravel/framework/src/Illuminate/Foundation/Console/ServeCommand.php
./vendor/laravel/framework/src/Illuminate/Database/README.md
./vendor/laravel/framework/src/Illuminate/Queue/README.md
./vendor/laravel/framework/src/Illuminate/Foundation/Bootstrap/SetRequestForConsole.php
./vendor/laravel/framework/src/Illuminate/Foundation/Console/ServeCommand.php
./vendor/laravel/framework/src/Illuminate/Database/README.md
./vendor/laravel/framework/src/Illuminate/Queue/README.md
./vendor/laravel/framework/src/Illuminate/Foundation/Bootstrap/SetRequestForConsole.php
./vendor/laravel/framework/src/Illuminate/Foundation/Console/ServeCommand.php
./vendor/laravel/framework/src/Illuminate/Database/README.md
./vendor/laravel/framework/src/Illuminate/Queue/README.md
./vendor/laravel/framework/src/Illuminate/Foundation/Bootstrap/SetRequestForConsole.php
./vendor/laravel/framework/src/Illuminate/Foundation/Console/ServeCommand.php
./vendor/laravel/framework/src/Illuminate/Database/README.md
./vendor/laravel/framework/src/Illuminate/Database/README.md
./vendor/laravel/framework/src/Illuminate/Queue/README.md
./vendor/laravel/framework/src/Illuminate/Queue/README.md
./vendor/laravel/framework/src/Illuminate/Foundation/Bootstrap/SetRequestForConsole.php
./vendor/laravel/framework/src/Illuminate/Foundation/Console/ServeCommand.php
./vendor/laravel/framework/src/Illuminate/Foundation/Bootstrap/SetRequestForConsole.php
./vendor/laravel/framework/src/Illuminate/Foundation/Bootstrap/SetRequestForConsole.php
./vendor/laravel/framework/src/Illuminate/Foundation/Console/ServeCommand.php
./vendor/laravel/framework/src/Illuminate/Foundation/Console/ServeCommand.php
./vendor/phpunit/phpunit/CONTRIBUTING.md
./vendor/phpunit/phpunit/CONTRIBUTING.md
./vendor/phpunit/phpunit/CONTRIBUTING.md
./vendor/symfony/yaml/Tests/Fixtures/YtsBasicTests.yml
./vendor/symfony/dom-crawler/Tests/ImageTest.php
./vendor/symfony/dom-crawler/Tests/CrawlerTest.php
./vendor/symfony/dom-crawler/Tests/FormTest.php
./vendor/symfony/dom-crawler/Tests/LinkTest.php
./vendor/symfony/http-kernel/Fragment/InlineFragmentRenderer.php
./vendor/symfony/http-kernel/Tests/Fragment/FragmentHandlerTest.php
./vendor/symfony/http-kernel/Tests/Fragment/RoutableFragmentRendererTest.php
./vendor/symfony/http-kernel/Tests/DataCollector/RequestDataCollectorTest.php
./vendor/symfony/http-kernel/Tests/EventListener/RouterListenerTest.php
./vendor/symfony/http-kernel/Tests/HttpCache/HttpCacheTest.php
./vendor/symfony/routing/Tests/Generator/UrlGeneratorTest.php
./vendor/symfony/routing/Tests/Generator/Dumper/PhpGeneratorDumperTest.php
./vendor/symfony/routing/RequestContext.php
./vendor/symfony/css-selector/Tests/XPath/Fixtures/ids.html
./vendor/symfony/css-selector/Tests/XPath/TranslatorTest.php
./vendor/symfony/http-foundation/Request.php
./vendor/symfony/yaml/Tests/Fixtures/YtsBasicTests.yml
./vendor/symfony/yaml/Tests/Fixtures/YtsBasicTests.yml
./vendor/symfony/yaml/Tests/Fixtures/YtsBasicTests.yml
./vendor/symfony/yaml/Tests/Fixtures/YtsBasicTests.yml
./vendor/symfony/dom-crawler/Tests/ImageTest.php
./vendor/symfony/dom-crawler/Tests/CrawlerTest.php
./vendor/symfony/dom-crawler/Tests/FormTest.php
./vendor/symfony/dom-crawler/Tests/LinkTest.php
./vendor/symfony/dom-crawler/Tests/ImageTest.php
./vendor/symfony/dom-crawler/Tests/CrawlerTest.php
./vendor/symfony/dom-crawler/Tests/FormTest.php
./vendor/symfony/dom-crawler/Tests/LinkTest.php
./vendor/symfony/dom-crawler/Tests/ImageTest.php
./vendor/symfony/dom-crawler/Tests/CrawlerTest.php
./vendor/symfony/dom-crawler/Tests/FormTest.php
./vendor/symfony/dom-crawler/Tests/LinkTest.php
./vendor/symfony/http-kernel/Fragment/InlineFragmentRenderer.php
./vendor/symfony/http-kernel/Tests/Fragment/FragmentHandlerTest.php
./vendor/symfony/http-kernel/Tests/Fragment/RoutableFragmentRendererTest.php
./vendor/symfony/http-kernel/Tests/DataCollector/RequestDataCollectorTest.php
./vendor/symfony/http-kernel/Tests/EventListener/RouterListenerTest.php
./vendor/symfony/http-kernel/Tests/HttpCache/HttpCacheTest.php
./vendor/symfony/http-kernel/Fragment/InlineFragmentRenderer.php
./vendor/symfony/http-kernel/Fragment/InlineFragmentRenderer.php
./vendor/symfony/http-kernel/Tests/Fragment/FragmentHandlerTest.php
./vendor/symfony/http-kernel/Tests/Fragment/RoutableFragmentRendererTest.php
./vendor/symfony/http-kernel/Tests/DataCollector/RequestDataCollectorTest.php
./vendor/symfony/http-kernel/Tests/EventListener/RouterListenerTest.php
./vendor/symfony/http-kernel/Tests/HttpCache/HttpCacheTest.php
./vendor/symfony/http-kernel/Tests/Fragment/FragmentHandlerTest.php
./vendor/symfony/http-kernel/Tests/Fragment/RoutableFragmentRendererTest.php
./vendor/symfony/http-kernel/Tests/Fragment/FragmentHandlerTest.php
./vendor/symfony/http-kernel/Tests/Fragment/RoutableFragmentRendererTest.php
./vendor/symfony/http-kernel/Tests/DataCollector/RequestDataCollectorTest.php
./vendor/symfony/http-kernel/Tests/DataCollector/RequestDataCollectorTest.php
./vendor/symfony/http-kernel/Tests/EventListener/RouterListenerTest.php
./vendor/symfony/http-kernel/Tests/EventListener/RouterListenerTest.php
./vendor/symfony/http-kernel/Tests/HttpCache/HttpCacheTest.php
./vendor/symfony/http-kernel/Tests/HttpCache/HttpCacheTest.php
./vendor/symfony/routing/Tests/Generator/UrlGeneratorTest.php
./vendor/symfony/routing/Tests/Generator/Dumper/PhpGeneratorDumperTest.php
./vendor/symfony/routing/RequestContext.php
./vendor/symfony/routing/Tests/Generator/UrlGeneratorTest.php
./vendor/symfony/routing/Tests/Generator/Dumper/PhpGeneratorDumperTest.php
./vendor/symfony/routing/Tests/Generator/UrlGeneratorTest.php
./vendor/symfony/routing/Tests/Generator/Dumper/PhpGeneratorDumperTest.php
./vendor/symfony/routing/Tests/Generator/UrlGeneratorTest.php
./vendor/symfony/routing/Tests/Generator/Dumper/PhpGeneratorDumperTest.php
./vendor/symfony/routing/Tests/Generator/Dumper/PhpGeneratorDumperTest.php
./vendor/symfony/routing/RequestContext.php
./vendor/symfony/css-selector/Tests/XPath/Fixtures/ids.html
./vendor/symfony/css-selector/Tests/XPath/TranslatorTest.php
./vendor/symfony/css-selector/Tests/XPath/Fixtures/ids.html
./vendor/symfony/css-selector/Tests/XPath/TranslatorTest.php
./vendor/symfony/css-selector/Tests/XPath/Fixtures/ids.html
./vendor/symfony/css-selector/Tests/XPath/TranslatorTest.php
./vendor/symfony/css-selector/Tests/XPath/Fixtures/ids.html
./vendor/symfony/css-selector/Tests/XPath/Fixtures/ids.html
./vendor/symfony/css-selector/Tests/XPath/TranslatorTest.php
./vendor/symfony/http-foundation/Request.php
./vendor/symfony/http-foundation/Request.php
./vendor/monolog/monolog/src/Monolog/Handler/MongoDBHandler.php
./vendor/monolog/monolog/src/Monolog/Handler/CouchDBHandler.php
./vendor/monolog/monolog/src/Monolog/Handler/RedisHandler.php
./vendor/monolog/monolog/tests/Monolog/Handler/HipChatHandlerTest.php
./vendor/monolog/monolog/tests/Monolog/Handler/PushoverHandlerTest.php
./vendor/monolog/monolog/tests/Monolog/Handler/SocketHandlerTest.php
./vendor/monolog/monolog/tests/Monolog/Handler/SlackHandlerTest.php
./vendor/monolog/monolog/tests/Monolog/Handler/LogEntriesHandlerTest.php
./vendor/monolog/monolog/tests/Monolog/Handler/FlowdockHandlerTest.php
./vendor/monolog/monolog/tests/Monolog/Handler/GelfHandlerLegacyTest.php
./vendor/monolog/monolog/tests/Monolog/Handler/CouchDBHandlerTest.php
./vendor/monolog/monolog/tests/Monolog/Handler/ElasticSearchHandlerTest.php
./vendor/monolog/monolog/src/Monolog/Handler/MongoDBHandler.php
./vendor/monolog/monolog/src/Monolog/Handler/CouchDBHandler.php
./vendor/monolog/monolog/src/Monolog/Handler/RedisHandler.php
./vendor/monolog/monolog/tests/Monolog/Handler/HipChatHandlerTest.php
./vendor/monolog/monolog/tests/Monolog/Handler/PushoverHandlerTest.php
./vendor/monolog/monolog/tests/Monolog/Handler/SocketHandlerTest.php
./vendor/monolog/monolog/tests/Monolog/Handler/SlackHandlerTest.php
./vendor/monolog/monolog/tests/Monolog/Handler/LogEntriesHandlerTest.php
./vendor/monolog/monolog/tests/Monolog/Handler/FlowdockHandlerTest.php
./vendor/monolog/monolog/tests/Monolog/Handler/GelfHandlerLegacyTest.php
./vendor/monolog/monolog/tests/Monolog/Handler/CouchDBHandlerTest.php
./vendor/monolog/monolog/tests/Monolog/Handler/ElasticSearchHandlerTest.php
./vendor/monolog/monolog/src/Monolog/Handler/MongoDBHandler.php
./vendor/monolog/monolog/src/Monolog/Handler/CouchDBHandler.php
./vendor/monolog/monolog/src/Monolog/Handler/RedisHandler.php
./vendor/monolog/monolog/src/Monolog/Handler/MongoDBHandler.php
./vendor/monolog/monolog/src/Monolog/Handler/CouchDBHandler.php
./vendor/monolog/monolog/src/Monolog/Handler/RedisHandler.php
./vendor/monolog/monolog/src/Monolog/Handler/MongoDBHandler.php
./vendor/monolog/monolog/src/Monolog/Handler/CouchDBHandler.php
./vendor/monolog/monolog/src/Monolog/Handler/RedisHandler.php
./vendor/monolog/monolog/src/Monolog/Handler/MongoDBHandler.php
./vendor/monolog/monolog/src/Monolog/Handler/CouchDBHandler.php
./vendor/monolog/monolog/src/Monolog/Handler/RedisHandler.php
./vendor/monolog/monolog/tests/Monolog/Handler/HipChatHandlerTest.php
./vendor/monolog/monolog/tests/Monolog/Handler/PushoverHandlerTest.php
./vendor/monolog/monolog/tests/Monolog/Handler/SocketHandlerTest.php
./vendor/monolog/monolog/tests/Monolog/Handler/SlackHandlerTest.php
./vendor/monolog/monolog/tests/Monolog/Handler/LogEntriesHandlerTest.php
./vendor/monolog/monolog/tests/Monolog/Handler/FlowdockHandlerTest.php
./vendor/monolog/monolog/tests/Monolog/Handler/GelfHandlerLegacyTest.php
./vendor/monolog/monolog/tests/Monolog/Handler/CouchDBHandlerTest.php
./vendor/monolog/monolog/tests/Monolog/Handler/ElasticSearchHandlerTest.php
./vendor/monolog/monolog/tests/Monolog/Handler/HipChatHandlerTest.php
./vendor/monolog/monolog/tests/Monolog/Handler/PushoverHandlerTest.php
./vendor/monolog/monolog/tests/Monolog/Handler/SocketHandlerTest.php
./vendor/monolog/monolog/tests/Monolog/Handler/SlackHandlerTest.php
./vendor/monolog/monolog/tests/Monolog/Handler/LogEntriesHandlerTest.php
./vendor/monolog/monolog/tests/Monolog/Handler/FlowdockHandlerTest.php
./vendor/monolog/monolog/tests/Monolog/Handler/GelfHandlerLegacyTest.php
./vendor/monolog/monolog/tests/Monolog/Handler/CouchDBHandlerTest.php
./vendor/monolog/monolog/tests/Monolog/Handler/ElasticSearchHandlerTest.php
./vendor/monolog/monolog/tests/Monolog/Handler/HipChatHandlerTest.php
./vendor/monolog/monolog/tests/Monolog/Handler/PushoverHandlerTest.php
./vendor/monolog/monolog/tests/Monolog/Handler/SocketHandlerTest.php
./vendor/monolog/monolog/tests/Monolog/Handler/SlackHandlerTest.php
./vendor/monolog/monolog/tests/Monolog/Handler/LogEntriesHandlerTest.php
./vendor/monolog/monolog/tests/Monolog/Handler/FlowdockHandlerTest.php
./vendor/monolog/monolog/tests/Monolog/Handler/GelfHandlerLegacyTest.php
./vendor/monolog/monolog/tests/Monolog/Handler/CouchDBHandlerTest.php
./vendor/monolog/monolog/tests/Monolog/Handler/ElasticSearchHandlerTest.php
./vendor/monolog/monolog/tests/Monolog/Handler/HipChatHandlerTest.php
./vendor/monolog/monolog/tests/Monolog/Handler/PushoverHandlerTest.php
./vendor/monolog/monolog/tests/Monolog/Handler/SocketHandlerTest.php
./vendor/monolog/monolog/tests/Monolog/Handler/SlackHandlerTest.php
./vendor/monolog/monolog/tests/Monolog/Handler/LogEntriesHandlerTest.php
./vendor/monolog/monolog/tests/Monolog/Handler/FlowdockHandlerTest.php
./vendor/monolog/monolog/tests/Monolog/Handler/GelfHandlerLegacyTest.php
./vendor/monolog/monolog/tests/Monolog/Handler/CouchDBHandlerTest.php
./vendor/monolog/monolog/tests/Monolog/Handler/ElasticSearchHandlerTest.php
./tests/TestCase.php
./tests/TestCase.php
./node_modules/bootstrap/README.md
./node_modules/xmlhttprequest-ssl/tests/test-request-methods.js
./node_modules/xmlhttprequest-ssl/tests/test-headers.js
./node_modules/xmlhttprequest-ssl/tests/test-redirect-302.js
./node_modules/xmlhttprequest-ssl/tests/test-redirect-307.js
./node_modules/xmlhttprequest-ssl/tests/test-events.js
./node_modules/xmlhttprequest-ssl/tests/test-redirect-303.js
./node_modules/xmlhttprequest-ssl/tests/test-exceptions.js
./node_modules/xmlhttprequest-ssl/lib/XMLHttpRequest.js
./node_modules/bl/node_modules/readable-stream/doc/stream.markdown
./node_modules/sntp/test/index.js
./node_modules/gulp-util/node_modules/minimist/test/short.js
./node_modules/gulp-util/node_modules/minimist/test/long.js
./node_modules/browser-sync/lib/connect-utils.js
./node_modules/browser-sync/lib/default-config.js
./node_modules/browser-sync/lib/cli/help.txt
./node_modules/browser-sync/lib/cli/command.reload.js
./node_modules/browser-sync/lib/utils.js
./node_modules/browser-sync/lib/http-protocol.js
./node_modules/browser-sync/lib/public/socket.io.min.1.5.0.js
./node_modules/uglify-js/README.md
./node_modules/parseurl/README.md
./node_modules/express/node_modules/connect/lib/middleware/bodyParser.js
./node_modules/through2/node_modules/readable-stream/doc/stream.markdown
./node_modules/accepts/README.md
./node_modules/node-gyp/test/docker.sh
./node_modules/stream-array/node_modules/readable-stream/doc/stream.md
./node_modules/engine.io-client/engine.io.js
./node_modules/engine.io-client/README.md
./node_modules/engine.io-client/lib/socket.js
./node_modules/hoek/README.md
./node_modules/vuex/README.md
./node_modules/setimmediate/package.json
./node_modules/less/test/browser/runner-rootpath-options.js
./node_modules/less/test/browser/less/relative-urls/urls.less
./node_modules/less/test/browser/less/rootpath/urls.less
./node_modules/less/test/browser/less/urls.less
./node_modules/less/test/browser/less/rootpath-relative/urls.less
./node_modules/less/test/browser/css/relative-urls/urls.css
./node_modules/less/test/browser/css/rootpath/urls.css
./node_modules/less/test/browser/css/urls.css
./node_modules/less/test/browser/common.js
./node_modules/less/test/browser/less.js
./node_modules/less/dist/less.min.js
./node_modules/less/dist/less.js
./node_modules/less/lib/less-browser/add-default-options.js
./node_modules/less/Gruntfile.js
./node_modules/encodeurl/README.md
./node_modules/localtunnel/package.json
./node_modules/localtunnel/test/index.js
./node_modules/localtunnel/node_modules/readable-stream/doc/stream.markdown
./node_modules/localtunnel/node_modules/http-signature/README.md
./node_modules/localtunnel/bin/client
./node_modules/localtunnel/README.md
./node_modules/localtunnel/lib/TunnelCluster.js
./node_modules/localtunnel/lib/HeaderHostTransformer.js
./node_modules/q/README.md
./node_modules/is-my-json-valid/test/json-schema-draft4/refRemote.json
./node_modules/url/test.js
./node_modules/engine.io/README.md
./node_modules/growly/README.md
./node_modules/growly/lib/gntp.js
./node_modules/node-notifier/node_modules/minimist/test/short.js
./node_modules/node-notifier/node_modules/minimist/test/long.js
./node_modules/node-notifier/README.md
./node_modules/node-notifier/lib/checkGrowl.js
./node_modules/stream-throttle/bin/throttleproxy.js
./node_modules/socket.io-client/socket.io.js
./node_modules/socket.io-client/README.md
./node_modules/socket.io-client/lib/url.js
./node_modules/socket.io-client/lib/index.js
./node_modules/weinre/lib-src/cli.coffee
./node_modules/weinre/lib-src/weinre.coffee
./node_modules/weinre/web/doc/Security.html
./node_modules/weinre/web/doc/Running.html
./node_modules/weinre/web/doc/UserInterface.html
./node_modules/weinre/lib/cli.js
./node_modules/weinre/lib/weinre.js
./node_modules/buble/node_modules/minimist/test/short.js
./node_modules/buble/node_modules/minimist/test/long.js
./node_modules/stream-http/test/node/http-browserify.js
./node_modules/stream-http/README.md
./node_modules/element-ui/lib/index.js
./node_modules/minimist/test/short.js
./node_modules/minimist/test/long.js
./node_modules/gulp/node_modules/minimist/test/short.js
./node_modules/gulp/node_modules/minimist/test/long.js
./node_modules/http-signature/README.md
./node_modules/webpack-stream/node_modules/ripemd160/.min-wd
./node_modules/webpack-stream/node_modules/url/test.js
./node_modules/http-proxy/package.json
./node_modules/http-proxy/README.md
./node_modules/optimist/test/parse.js
./node_modules/async-validator/lib/rule/type.js
./node_modules/meow/node_modules/minimist/test/short.js
./node_modules/meow/node_modules/minimist/test/long.js
./node_modules/vue-router/README.md
./node_modules/http-browserify/test/request_url.js
./node_modules/browser-sync-ui/lib/async.js
./node_modules/browser-sync-ui/lib/plugins/network-throttle/throttle-server.js
./node_modules/parseuri/test.js
./node_modules/prepend-http/package.json
./node_modules/prepend-http/readme.md
./node_modules/prepend-http/index.js
./node_modules/config-chain/test/chain-class.js
./node_modules/config-chain/readme.markdown
./node_modules/bootstrap/README.md
./node_modules/bootstrap/README.md
./node_modules/xmlhttprequest-ssl/tests/test-request-methods.js
./node_modules/xmlhttprequest-ssl/tests/test-headers.js
./node_modules/xmlhttprequest-ssl/tests/test-redirect-302.js
./node_modules/xmlhttprequest-ssl/tests/test-redirect-307.js
./node_modules/xmlhttprequest-ssl/tests/test-events.js
./node_modules/xmlhttprequest-ssl/tests/test-redirect-303.js
./node_modules/xmlhttprequest-ssl/tests/test-exceptions.js
./node_modules/xmlhttprequest-ssl/lib/XMLHttpRequest.js
./node_modules/xmlhttprequest-ssl/tests/test-request-methods.js
./node_modules/xmlhttprequest-ssl/tests/test-headers.js
./node_modules/xmlhttprequest-ssl/tests/test-redirect-302.js
./node_modules/xmlhttprequest-ssl/tests/test-redirect-307.js
./node_modules/xmlhttprequest-ssl/tests/test-events.js
./node_modules/xmlhttprequest-ssl/tests/test-redirect-303.js
./node_modules/xmlhttprequest-ssl/tests/test-exceptions.js
./node_modules/xmlhttprequest-ssl/tests/test-request-methods.js
./node_modules/xmlhttprequest-ssl/tests/test-headers.js
./node_modules/xmlhttprequest-ssl/tests/test-redirect-302.js
./node_modules/xmlhttprequest-ssl/tests/test-redirect-307.js
./node_modules/xmlhttprequest-ssl/tests/test-events.js
./node_modules/xmlhttprequest-ssl/tests/test-redirect-303.js
./node_modules/xmlhttprequest-ssl/tests/test-exceptions.js
./node_modules/xmlhttprequest-ssl/lib/XMLHttpRequest.js
./node_modules/xmlhttprequest-ssl/lib/XMLHttpRequest.js
./node_modules/bl/node_modules/readable-stream/doc/stream.markdown
./node_modules/bl/node_modules/readable-stream/doc/stream.markdown
./node_modules/bl/node_modules/readable-stream/doc/stream.markdown
./node_modules/bl/node_modules/readable-stream/doc/stream.markdown
./node_modules/bl/node_modules/readable-stream/doc/stream.markdown
./node_modules/sntp/test/index.js
./node_modules/sntp/test/index.js
./node_modules/sntp/test/index.js
./node_modules/gulp-util/node_modules/minimist/test/short.js
./node_modules/gulp-util/node_modules/minimist/test/long.js
./node_modules/gulp-util/node_modules/minimist/test/short.js
./node_modules/gulp-util/node_modules/minimist/test/long.js
./node_modules/gulp-util/node_modules/minimist/test/short.js
./node_modules/gulp-util/node_modules/minimist/test/long.js
./node_modules/gulp-util/node_modules/minimist/test/short.js
./node_modules/gulp-util/node_modules/minimist/test/long.js
./node_modules/gulp-util/node_modules/minimist/test/short.js
./node_modules/gulp-util/node_modules/minimist/test/long.js
./node_modules/browser-sync/lib/connect-utils.js
./node_modules/browser-sync/lib/default-config.js
./node_modules/browser-sync/lib/cli/help.txt
./node_modules/browser-sync/lib/cli/command.reload.js
./node_modules/browser-sync/lib/utils.js
./node_modules/browser-sync/lib/http-protocol.js
./node_modules/browser-sync/lib/public/socket.io.min.1.5.0.js
./node_modules/browser-sync/lib/connect-utils.js
./node_modules/browser-sync/lib/default-config.js
./node_modules/browser-sync/lib/cli/help.txt
./node_modules/browser-sync/lib/cli/command.reload.js
./node_modules/browser-sync/lib/utils.js
./node_modules/browser-sync/lib/http-protocol.js
./node_modules/browser-sync/lib/public/socket.io.min.1.5.0.js
./node_modules/browser-sync/lib/connect-utils.js
./node_modules/browser-sync/lib/default-config.js
./node_modules/browser-sync/lib/cli/help.txt
./node_modules/browser-sync/lib/cli/command.reload.js
./node_modules/browser-sync/lib/cli/help.txt
./node_modules/browser-sync/lib/cli/command.reload.js
./node_modules/browser-sync/lib/utils.js
./node_modules/browser-sync/lib/http-protocol.js
./node_modules/browser-sync/lib/public/socket.io.min.1.5.0.js
./node_modules/browser-sync/lib/public/socket.io.min.1.5.0.js
./node_modules/uglify-js/README.md
./node_modules/uglify-js/README.md
./node_modules/parseurl/README.md
./node_modules/parseurl/README.md
./node_modules/express/node_modules/connect/lib/middleware/bodyParser.js
./node_modules/express/node_modules/connect/lib/middleware/bodyParser.js
./node_modules/express/node_modules/connect/lib/middleware/bodyParser.js
./node_modules/express/node_modules/connect/lib/middleware/bodyParser.js
./node_modules/express/node_modules/connect/lib/middleware/bodyParser.js
./node_modules/express/node_modules/connect/lib/middleware/bodyParser.js
./node_modules/through2/node_modules/readable-stream/doc/stream.markdown
./node_modules/through2/node_modules/readable-stream/doc/stream.markdown
./node_modules/through2/node_modules/readable-stream/doc/stream.markdown
./node_modules/through2/node_modules/readable-stream/doc/stream.markdown
./node_modules/through2/node_modules/readable-stream/doc/stream.markdown
./node_modules/accepts/README.md
./node_modules/accepts/README.md
./node_modules/node-gyp/test/docker.sh
./node_modules/node-gyp/test/docker.sh
./node_modules/node-gyp/test/docker.sh
./node_modules/stream-array/node_modules/readable-stream/doc/stream.md
./node_modules/stream-array/node_modules/readable-stream/doc/stream.md
./node_modules/stream-array/node_modules/readable-stream/doc/stream.md
./node_modules/stream-array/node_modules/readable-stream/doc/stream.md
./node_modules/stream-array/node_modules/readable-stream/doc/stream.md
./node_modules/engine.io-client/engine.io.js
./node_modules/engine.io-client/README.md
./node_modules/engine.io-client/lib/socket.js
./node_modules/engine.io-client/engine.io.js
./node_modules/engine.io-client/README.md
./node_modules/engine.io-client/lib/socket.js
./node_modules/engine.io-client/lib/socket.js
./node_modules/hoek/README.md
./node_modules/hoek/README.md
./node_modules/vuex/README.md
./node_modules/vuex/README.md
./node_modules/setimmediate/package.json
./node_modules/setimmediate/package.json
./node_modules/less/test/browser/runner-rootpath-options.js
./node_modules/less/test/browser/less/relative-urls/urls.less
./node_modules/less/test/browser/less/rootpath/urls.less
./node_modules/less/test/browser/less/urls.less
./node_modules/less/test/browser/less/rootpath-relative/urls.less
./node_modules/less/test/browser/css/relative-urls/urls.css
./node_modules/less/test/browser/css/rootpath/urls.css
./node_modules/less/test/browser/css/urls.css
./node_modules/less/test/browser/common.js
./node_modules/less/test/browser/less.js
./node_modules/less/dist/less.min.js
./node_modules/less/dist/less.js
./node_modules/less/lib/less-browser/add-default-options.js
./node_modules/less/Gruntfile.js
./node_modules/less/test/browser/runner-rootpath-options.js
./node_modules/less/test/browser/less/relative-urls/urls.less
./node_modules/less/test/browser/less/rootpath/urls.less
./node_modules/less/test/browser/less/urls.less
./node_modules/less/test/browser/less/rootpath-relative/urls.less
./node_modules/less/test/browser/css/relative-urls/urls.css
./node_modules/less/test/browser/css/rootpath/urls.css
./node_modules/less/test/browser/css/urls.css
./node_modules/less/test/browser/common.js
./node_modules/less/test/browser/less.js
./node_modules/less/test/browser/runner-rootpath-options.js
./node_modules/less/test/browser/less/relative-urls/urls.less
./node_modules/less/test/browser/less/rootpath/urls.less
./node_modules/less/test/browser/less/urls.less
./node_modules/less/test/browser/less/rootpath-relative/urls.less
./node_modules/less/test/browser/css/relative-urls/urls.css
./node_modules/less/test/browser/css/rootpath/urls.css
./node_modules/less/test/browser/css/urls.css
./node_modules/less/test/browser/common.js
./node_modules/less/test/browser/less.js
./node_modules/less/test/browser/runner-rootpath-options.js
./node_modules/less/test/browser/less/relative-urls/urls.less
./node_modules/less/test/browser/less/rootpath/urls.less
./node_modules/less/test/browser/less/urls.less
./node_modules/less/test/browser/less/rootpath-relative/urls.less
./node_modules/less/test/browser/less/relative-urls/urls.less
./node_modules/less/test/browser/less/relative-urls/urls.less
./node_modules/less/test/browser/less/rootpath/urls.less
./node_modules/less/test/browser/less/rootpath/urls.less
./node_modules/less/test/browser/less/urls.less
./node_modules/less/test/browser/less/rootpath-relative/urls.less
./node_modules/less/test/browser/less/rootpath-relative/urls.less
./node_modules/less/test/browser/css/relative-urls/urls.css
./node_modules/less/test/browser/css/rootpath/urls.css
./node_modules/less/test/browser/css/urls.css
./node_modules/less/test/browser/css/relative-urls/urls.css
./node_modules/less/test/browser/css/relative-urls/urls.css
./node_modules/less/test/browser/css/rootpath/urls.css
./node_modules/less/test/browser/css/rootpath/urls.css
./node_modules/less/test/browser/css/urls.css
./node_modules/less/test/browser/common.js
./node_modules/less/test/browser/less.js
./node_modules/less/dist/less.min.js
./node_modules/less/dist/less.js
./node_modules/less/dist/less.min.js
./node_modules/less/dist/less.js
./node_modules/less/lib/less-browser/add-default-options.js
./node_modules/less/lib/less-browser/add-default-options.js
./node_modules/less/lib/less-browser/add-default-options.js
./node_modules/less/Gruntfile.js
./node_modules/encodeurl/README.md
./node_modules/encodeurl/README.md
./node_modules/localtunnel/package.json
./node_modules/localtunnel/test/index.js
./node_modules/localtunnel/node_modules/readable-stream/doc/stream.markdown
./node_modules/localtunnel/node_modules/http-signature/README.md
./node_modules/localtunnel/bin/client
./node_modules/localtunnel/README.md
./node_modules/localtunnel/lib/TunnelCluster.js
./node_modules/localtunnel/lib/HeaderHostTransformer.js
./node_modules/localtunnel/package.json
./node_modules/localtunnel/test/index.js
./node_modules/localtunnel/test/index.js
./node_modules/localtunnel/node_modules/readable-stream/doc/stream.markdown
./node_modules/localtunnel/node_modules/http-signature/README.md
./node_modules/localtunnel/node_modules/readable-stream/doc/stream.markdown
./node_modules/localtunnel/node_modules/readable-stream/doc/stream.markdown
./node_modules/localtunnel/node_modules/readable-stream/doc/stream.markdown
./node_modules/localtunnel/node_modules/http-signature/README.md
./node_modules/localtunnel/node_modules/http-signature/README.md
./node_modules/localtunnel/bin/client
./node_modules/localtunnel/bin/client
./node_modules/localtunnel/README.md
./node_modules/localtunnel/lib/TunnelCluster.js
./node_modules/localtunnel/lib/HeaderHostTransformer.js
./node_modules/localtunnel/lib/TunnelCluster.js
./node_modules/localtunnel/lib/HeaderHostTransformer.js
./node_modules/q/README.md
./node_modules/q/README.md
./node_modules/is-my-json-valid/test/json-schema-draft4/refRemote.json
./node_modules/is-my-json-valid/test/json-schema-draft4/refRemote.json
./node_modules/is-my-json-valid/test/json-schema-draft4/refRemote.json
./node_modules/is-my-json-valid/test/json-schema-draft4/refRemote.json
./node_modules/.bin/throttleproxy
./node_modules/.bin/lt
./node_modules/url/test.js
./node_modules/url/test.js
./node_modules/engine.io/README.md
./node_modules/engine.io/README.md
./node_modules/growly/README.md
./node_modules/growly/lib/gntp.js
./node_modules/growly/README.md
./node_modules/growly/lib/gntp.js
./node_modules/growly/lib/gntp.js
./node_modules/node-notifier/node_modules/minimist/test/short.js
./node_modules/node-notifier/node_modules/minimist/test/long.js
./node_modules/node-notifier/README.md
./node_modules/node-notifier/lib/checkGrowl.js
./node_modules/node-notifier/node_modules/minimist/test/short.js
./node_modules/node-notifier/node_modules/minimist/test/long.js
./node_modules/node-notifier/node_modules/minimist/test/short.js
./node_modules/node-notifier/node_modules/minimist/test/long.js
./node_modules/node-notifier/node_modules/minimist/test/short.js
./node_modules/node-notifier/node_modules/minimist/test/long.js
./node_modules/node-notifier/node_modules/minimist/test/short.js
./node_modules/node-notifier/node_modules/minimist/test/long.js
./node_modules/node-notifier/README.md
./node_modules/node-notifier/lib/checkGrowl.js
./node_modules/node-notifier/lib/checkGrowl.js
./node_modules/stream-throttle/bin/throttleproxy.js
./node_modules/stream-throttle/bin/throttleproxy.js
./node_modules/stream-throttle/bin/throttleproxy.js
./node_modules/socket.io-client/socket.io.js
./node_modules/socket.io-client/README.md
./node_modules/socket.io-client/lib/url.js
./node_modules/socket.io-client/lib/index.js
./node_modules/socket.io-client/socket.io.js
./node_modules/socket.io-client/README.md
./node_modules/socket.io-client/lib/url.js
./node_modules/socket.io-client/lib/index.js
./node_modules/socket.io-client/lib/url.js
./node_modules/socket.io-client/lib/index.js
./node_modules/weinre/lib-src/cli.coffee
./node_modules/weinre/lib-src/weinre.coffee
./node_modules/weinre/web/doc/Security.html
./node_modules/weinre/web/doc/Running.html
./node_modules/weinre/web/doc/UserInterface.html
./node_modules/weinre/lib/cli.js
./node_modules/weinre/lib/weinre.js
./node_modules/weinre/lib-src/cli.coffee
./node_modules/weinre/lib-src/weinre.coffee
./node_modules/weinre/lib-src/cli.coffee
./node_modules/weinre/lib-src/weinre.coffee
./node_modules/weinre/web/doc/Security.html
./node_modules/weinre/web/doc/Running.html
./node_modules/weinre/web/doc/UserInterface.html
./node_modules/weinre/web/doc/Security.html
./node_modules/weinre/web/doc/Running.html
./node_modules/weinre/web/doc/UserInterface.html
./node_modules/weinre/web/doc/Security.html
./node_modules/weinre/web/doc/Running.html
./node_modules/weinre/web/doc/UserInterface.html
./node_modules/weinre/lib/cli.js
./node_modules/weinre/lib/weinre.js
./node_modules/weinre/lib/cli.js
./node_modules/weinre/lib/weinre.js
./node_modules/buble/node_modules/minimist/test/short.js
./node_modules/buble/node_modules/minimist/test/long.js
./node_modules/buble/node_modules/minimist/test/short.js
./node_modules/buble/node_modules/minimist/test/long.js
./node_modules/buble/node_modules/minimist/test/short.js
./node_modules/buble/node_modules/minimist/test/long.js
./node_modules/buble/node_modules/minimist/test/short.js
./node_modules/buble/node_modules/minimist/test/long.js
./node_modules/buble/node_modules/minimist/test/short.js
./node_modules/buble/node_modules/minimist/test/long.js
./node_modules/stream-http/test/node/http-browserify.js
./node_modules/stream-http/README.md
./node_modules/stream-http/test/node/http-browserify.js
./node_modules/stream-http/test/node/http-browserify.js
./node_modules/stream-http/test/node/http-browserify.js
./node_modules/stream-http/README.md
./node_modules/element-ui/lib/index.js
./node_modules/element-ui/lib/index.js
./node_modules/element-ui/lib/index.js
./node_modules/minimist/test/short.js
./node_modules/minimist/test/long.js
./node_modules/minimist/test/short.js
./node_modules/minimist/test/long.js
./node_modules/minimist/test/short.js
./node_modules/minimist/test/long.js
./node_modules/gulp/node_modules/minimist/test/short.js
./node_modules/gulp/node_modules/minimist/test/long.js
./node_modules/gulp/node_modules/minimist/test/short.js
./node_modules/gulp/node_modules/minimist/test/long.js
./node_modules/gulp/node_modules/minimist/test/short.js
./node_modules/gulp/node_modules/minimist/test/long.js
./node_modules/gulp/node_modules/minimist/test/short.js
./node_modules/gulp/node_modules/minimist/test/long.js
./node_modules/gulp/node_modules/minimist/test/short.js
./node_modules/gulp/node_modules/minimist/test/long.js
./node_modules/http-signature/README.md
./node_modules/http-signature/README.md
./node_modules/webpack-stream/node_modules/ripemd160/.min-wd
./node_modules/webpack-stream/node_modules/url/test.js
./node_modules/webpack-stream/node_modules/ripemd160/.min-wd
./node_modules/webpack-stream/node_modules/url/test.js
./node_modules/webpack-stream/node_modules/ripemd160/.min-wd
./node_modules/webpack-stream/node_modules/ripemd160/.min-wd
./node_modules/webpack-stream/node_modules/url/test.js
./node_modules/webpack-stream/node_modules/url/test.js
./node_modules/http-proxy/package.json
./node_modules/http-proxy/README.md
./node_modules/http-proxy/package.json
./node_modules/http-proxy/README.md
./node_modules/optimist/test/parse.js
./node_modules/optimist/test/parse.js
./node_modules/optimist/test/parse.js
./node_modules/async-validator/lib/rule/type.js
./node_modules/async-validator/lib/rule/type.js
./node_modules/async-validator/lib/rule/type.js
./node_modules/async-validator/lib/rule/type.js
./node_modules/meow/node_modules/minimist/test/short.js
./node_modules/meow/node_modules/minimist/test/long.js
./node_modules/meow/node_modules/minimist/test/short.js
./node_modules/meow/node_modules/minimist/test/long.js
./node_modules/meow/node_modules/minimist/test/short.js
./node_modules/meow/node_modules/minimist/test/long.js
./node_modules/meow/node_modules/minimist/test/short.js
./node_modules/meow/node_modules/minimist/test/long.js
./node_modules/meow/node_modules/minimist/test/short.js
./node_modules/meow/node_modules/minimist/test/long.js
./node_modules/vue-router/README.md
./node_modules/vue-router/README.md
./node_modules/http-browserify/test/request_url.js
./node_modules/http-browserify/test/request_url.js
./node_modules/http-browserify/test/request_url.js
./node_modules/browser-sync-ui/lib/async.js
./node_modules/browser-sync-ui/lib/plugins/network-throttle/throttle-server.js
./node_modules/browser-sync-ui/lib/async.js
./node_modules/browser-sync-ui/lib/plugins/network-throttle/throttle-server.js
./node_modules/browser-sync-ui/lib/async.js
./node_modules/browser-sync-ui/lib/plugins/network-throttle/throttle-server.js
./node_modules/browser-sync-ui/lib/plugins/network-throttle/throttle-server.js
./node_modules/browser-sync-ui/lib/plugins/network-throttle/throttle-server.js
./node_modules/parseuri/test.js
./node_modules/parseuri/test.js
./node_modules/prepend-http/package.json
./node_modules/prepend-http/readme.md
./node_modules/prepend-http/index.js
./node_modules/prepend-http/package.json
./node_modules/prepend-http/readme.md
./node_modules/prepend-http/index.js
./node_modules/config-chain/test/chain-class.js
./node_modules/config-chain/readme.markdown
./node_modules/config-chain/test/chain-class.js
./node_modules/config-chain/test/chain-class.js
./node_modules/config-chain/readme.markdown
./.env
./config/app.php
./config/queue.php
./config/database.php
./config/app.php
./config/queue.php
./config/database.php
